<?xml version="1.0" encoding="UTF-8"?>
<!-- Generated by org.testng.reporters.JUnitReportReporter -->
<testsuite hostname="DESKTOP-332RHEK" failures="0" tests="7" name="Almosaferweb.Mycasess" time="5.625" errors="0" timestamp="2023-12-11T16:20:09 GST" skipped="5">
  <testcase classname="Almosaferweb.Mycasess" name="CheckTheDepatureAndArriveDate" time="0.115"/>
  <system-out/>
  <testcase classname="Almosaferweb.Mycasess" name="changeTheLanguageOfTheWebsiteRandomly" time="5.510"/>
  <system-out/>
  <testcase classname="Almosaferweb.Mycasess" name="HotelTableNotSelectorTest">
    <skipped/>
  </testcase> <!-- HotelTableNotSelectorTest -->
  <system-out/>
  <testcase classname="Almosaferweb.Mycasess" name="CheckTheLanguage">
    <skipped/>
  </testcase> <!-- CheckTheLanguage -->
  <system-out/>
  <testcase classname="Almosaferweb.Mycasess" name="checkQitafflogo">
    <skipped/>
  </testcase> <!-- checkQitafflogo -->
  <system-out/>
  <testcase classname="Almosaferweb.Mycasess" name="checkContactNumber">
    <skipped/>
  </testcase> <!-- checkContactNumber -->
  <system-out/>
  <testcase classname="Almosaferweb.Mycasess" name="checkTheCurrency">
    <skipped/>
  </testcase> <!-- checkTheCurrency -->
  <system-out/>
</testsuite> <!-- Almosaferweb.Mycasess -->
